car_android/build/outputs/logs/manifest-merger-debug-report.txt
-- Merging decision tree log ---
manifest
ADDED from AndroidManifest.xml:2:1
	package
		ADDED from AndroidManifest.xml:2:11
		INJECTED from AndroidManifest.xml:0:0
		INJECTED from AndroidManifest.xml:0:0
	android:versionName
		INJECTED from AndroidManifest.xml:0:0
		INJECTED from AndroidManifest.xml:0:0
	xmlns:android
		ADDED from AndroidManifest.xml:3:11
	android:versionCode
		INJECTED from AndroidManifest.xml:0:0
		INJECTED from AndroidManifest.xml:0:0
supports-screens
ADDED from AndroidManifest.xml:5:5
	android:largeScreens
		ADDED from AndroidManifest.xml:7:9
	android:smallScreens
		ADDED from AndroidManifest.xml:9:9
	android:normalScreens
		ADDED from AndroidManifest.xml:8:9
	android:xlargeScreens
		ADDED from AndroidManifest.xml:10:9
	android:anyDensity
		ADDED from AndroidManifest.xml:6:9
uses-permission#android.permission.READ_SETTINGS
ADDED from AndroidManifest.xml:12:5
	android:name
		ADDED from AndroidManifest.xml:12:22
uses-permission#android.permission.WRITE_SETTINGS
ADDED from AndroidManifest.xml:13:5
MERGED from car_android:Car_washing:unspecified:31:5
	android:name
		ADDED from AndroidManifest.xml:13:22
uses-permission#android.permission.ACCESS_FINE_LOCATION
ADDED from AndroidManifest.xml:14:5
	android:name
		ADDED from AndroidManifest.xml:14:22
uses-permission#android.permission.ACCESS_COARSE_LOCATION
ADDED from AndroidManifest.xml:15:5
	android:name
		ADDED from AndroidManifest.xml:15:22
uses-permission#android.permission.INTERNET
ADDED from AndroidManifest.xml:18:5
MERGED from car_android:Car_washing:unspecified:11:5
	android:name
		ADDED from AndroidManifest.xml:18:22
uses-permission#android.permission.READ_PHONE_STATE
ADDED from AndroidManifest.xml:19:5
MERGED from car_android:Car_washing:unspecified:15:5
	android:name
		ADDED from AndroidManifest.xml:19:22
uses-permission#android.permission.ACCESS_NETWORK_STATE
ADDED from AndroidManifest.xml:20:5
MERGED from car_android:Car_washing:unspecified:16:5
	android:name
		ADDED from AndroidManifest.xml:20:22
uses-permission#android.permission.WAKE_LOCK
ADDED from AndroidManifest.xml:21:5
MERGED from car_android:Car_washing:unspecified:18:5
	android:name
		ADDED from AndroidManifest.xml:21:22
uses-permission#android.permission.RECEIVE_BOOT_COMPLETED
ADDED from AndroidManifest.xml:22:5
MERGED from car_android:Car_washing:unspecified:19:5
	android:name
		ADDED from AndroidManifest.xml:22:22
uses-permission#android.permission.WRITE_EXTERNAL_STORAGE
ADDED from AndroidManifest.xml:23:5
MERGED from car_android:Car_washing:unspecified:20:5
	android:name
		ADDED from AndroidManifest.xml:23:22
uses-permission#android.permission.ACCESS_WIFI_STATE
ADDED from AndroidManifest.xml:24:5
MERGED from car_android:Car_washing:unspecified:22:5
	android:name
		ADDED from AndroidManifest.xml:24:22
uses-permission#android.permission.VIBRATE
ADDED from AndroidManifest.xml:25:5
MERGED from car_android:Car_washing:unspecified:21:5
	android:name
		ADDED from AndroidManifest.xml:25:22
uses-permission#android.permission.SEND_SMS
ADDED from AndroidManifest.xml:28:5
	android:name
		ADDED from AndroidManifest.xml:28:22
uses-permission#android.permission.CALL_PHONE
ADDED from AndroidManifest.xml:29:5
MERGED from car_android:Car_washing:unspecified:14:5
	android:name
		ADDED from AndroidManifest.xml:29:22
uses-permission#android.permission.ACCESS_GPS
ADDED from AndroidManifest.xml:32:5
	android:name
		ADDED from AndroidManifest.xml:32:22
uses-permission#android.permission.GET_TASKS
ADDED from AndroidManifest.xml:35:5
MERGED from car_android:Car_washing:unspecified:13:5
	android:name
		ADDED from AndroidManifest.xml:35:22
uses-permission#android.permission.AUTHENTICATE_ACCOUNTS
ADDED from AndroidManifest.xml:36:5
MERGED from car_android:Car_washing:unspecified:28:5
	android:name
		ADDED from AndroidManifest.xml:36:22
uses-permission#com.android.launcher.permission.READ_SETTINGS
ADDED from AndroidManifest.xml:37:5
MERGED from car_android:Car_washing:unspecified:29:5
	android:name
		ADDED from AndroidManifest.xml:37:22
uses-permission#android.permission.BROADCAST_STICKY
ADDED from AndroidManifest.xml:38:5
MERGED from car_android:Car_washing:unspecified:30:5
	android:name
		ADDED from AndroidManifest.xml:38:22
uses-permission#android.permission.MOUNT_UNMOUNT_FILESYSTEMS
ADDED from AndroidManifest.xml:41:5
	android:name
		ADDED from AndroidManifest.xml:41:22
uses-permission#android.permission.CAMERA
ADDED from AndroidManifest.xml:42:5
	android:name
		ADDED from AndroidManifest.xml:42:22
uses-permission#android.permission.MANAGE_ACCOUNTS
ADDED from AndroidManifest.xml:43:5
MERGED from car_android:Car_washing:unspecified:27:5
	android:name
		ADDED from AndroidManifest.xml:43:22
uses-permission#android.permission.GET_ACCOUNTS
ADDED from AndroidManifest.xml:44:5
MERGED from car_android:Car_washing:unspecified:25:5
	android:name
		ADDED from AndroidManifest.xml:44:22
uses-permission#android.permission.SYSTEM_ALERT_WINDOW
ADDED from AndroidManifest.xml:45:5
	android:name
		ADDED from AndroidManifest.xml:45:22
uses-permission#android.permission.SYSTEM_OVERLAY_WINDOW
ADDED from AndroidManifest.xml:46:5
	android:name
		ADDED from AndroidManifest.xml:46:22
uses-permission#android.permission.KILL_BACKGROUND_PROCESSES
ADDED from AndroidManifest.xml:47:5
	android:name
		ADDED from AndroidManifest.xml:47:22
uses-permission#getui.permission.GetuiService.com.kplus.car
ADDED from AndroidManifest.xml:48:5
	android:name
		ADDED from AndroidManifest.xml:48:22
permission#getui.permission.GetuiService.com.kplus.car
ADDED from AndroidManifest.xml:50:5
	android:protectionLevel
		ADDED from AndroidManifest.xml:52:9
	android:name
		ADDED from AndroidManifest.xml:51:9
uses-permission#android.permission.READ_EXTERNAL_STORAGE
ADDED from AndroidManifest.xml:56:5
	android:name
		ADDED from AndroidManifest.xml:56:22
uses-permission#android.permission.RECORD_AUDIO
ADDED from AndroidManifest.xml:57:5
	android:name
		ADDED from AndroidManifest.xml:57:22
uses-permission#android.permission.MODIFY_AUDIO_SETTINGS
ADDED from AndroidManifest.xml:58:5
	android:name
		ADDED from AndroidManifest.xml:58:22
uses-permission#android.permission.RECEIVE_SMS
ADDED from AndroidManifest.xml:60:5
	android:name
		ADDED from AndroidManifest.xml:60:22
uses-permission#android.permission.READ_SMS
ADDED from AndroidManifest.xml:61:5
	android:name
		ADDED from AndroidManifest.xml:61:22
application
ADDED from AndroidManifest.xml:63:5
MERGED from com.android.support:support-v4:22.2.0:22:5
MERGED from com.android.support:cardview-v7:22.1.1:22:5
MERGED from com.android.support:gridlayout-v7:22.1.1:22:5
MERGED from com.android.support:support-v4:22.2.0:22:5
MERGED from car_android:Car_washing:unspecified:33:5
MERGED from com.android.support:appcompat-v7:22.1.1:22:5
MERGED from com.android.support:support-v4:22.2.0:22:5
MERGED from com.android.support:recyclerview-v7:22.1.1:22:5
MERGED from com.android.support:support-v4:22.2.0:22:5
MERGED from com.android.support:support-v4:22.2.0:22:5
MERGED from com.android.support:appcompat-v7:22.1.1:22:5
MERGED from com.android.support:support-v4:22.2.0:22:5
	android:label
		ADDED from AndroidManifest.xml:68:9
	android:hardwareAccelerated
		ADDED from car_android:Car_washing:unspecified:35:9
	android:allowBackup
		ADDED from AndroidManifest.xml:65:9
	android:icon
		ADDED from AndroidManifest.xml:67:9
	android:description
		ADDED from AndroidManifest.xml:66:9
	android:theme
		ADDED from AndroidManifest.xml:69:9
	android:name
		ADDED from AndroidManifest.xml:64:9
activity#com.kplus.car.activity.LogoActivity
ADDED from AndroidManifest.xml:70:9
	android:screenOrientation
		ADDED from AndroidManifest.xml:73:13
	android:launchMode
		ADDED from AndroidManifest.xml:72:13
	android:theme
		ADDED from AndroidManifest.xml:74:13
	android:name
		ADDED from AndroidManifest.xml:71:13
intent-filter#android.intent.action.MAIN+android.intent.category.LAUNCHER
ADDED from AndroidManifest.xml:75:13
action#android.intent.action.MAIN
ADDED from AndroidManifest.xml:76:17
	android:name
		ADDED from AndroidManifest.xml:76:25
category#android.intent.category.LAUNCHER
ADDED from AndroidManifest.xml:77:17
	android:name
		ADDED from AndroidManifest.xml:77:27
activity#com.kplus.car.activity.StartUpActivity
ADDED from AndroidManifest.xml:80:9
	android:screenOrientation
		ADDED from AndroidManifest.xml:83:13
	android:launchMode
		ADDED from AndroidManifest.xml:82:13
	android:name
		ADDED from AndroidManifest.xml:81:13
activity#com.kplus.car.activity.VehicleDetailActivity
ADDED from AndroidManifest.xml:85:9
	android:screenOrientation
		ADDED from AndroidManifest.xml:88:13
	android:launchMode
		ADDED from AndroidManifest.xml:87:13
	android:theme
		ADDED from AndroidManifest.xml:89:13
	android:name
		ADDED from AndroidManifest.xml:86:13
activity#com.kplus.car.activity.CitySelectActivity
ADDED from AndroidManifest.xml:91:9
	android:screenOrientation
		ADDED from AndroidManifest.xml:93:13
	android:theme
		ADDED from AndroidManifest.xml:94:13
	android:name
		ADDED from AndroidManifest.xml:92:13
activity#com.kplus.car.activity.ModelSelectActivity
ADDED from AndroidManifest.xml:96:9
	android:screenOrientation
		ADDED from AndroidManifest.xml:98:13
	android:theme
		ADDED from AndroidManifest.xml:99:13
	android:name
		ADDED from AndroidManifest.xml:97:13
activity#com.kplus.car.activity.AgencyAgainstListActivity
ADDED from AndroidManifest.xml:101:9
	android:screenOrientation
		ADDED from AndroidManifest.xml:103:13
	android:theme
		ADDED from AndroidManifest.xml:104:13
	android:name
		ADDED from AndroidManifest.xml:102:13
activity#com.kplus.car.activity.OrderInfoAddActivity
ADDED from AndroidManifest.xml:106:9
	android:screenOrientation
		ADDED from AndroidManifest.xml:108:13
	android:theme
		ADDED from AndroidManifest.xml:109:13
	android:name
		ADDED from AndroidManifest.xml:107:13
activity#com.kplus.car.activity.RefundActivity
ADDED from AndroidManifest.xml:111:9
	android:screenOrientation
		ADDED from AndroidManifest.xml:113:13
	android:theme
		ADDED from AndroidManifest.xml:114:13
	android:name
		ADDED from AndroidManifest.xml:112:13
activity#com.kplus.car.activity.ImageActivity
ADDED from AndroidManifest.xml:116:9
	android:screenOrientation
		ADDED from AndroidManifest.xml:118:13
	android:theme
		ADDED from AndroidManifest.xml:119:13
	android:name
		ADDED from AndroidManifest.xml:117:13
activity#com.kplus.car.activity.OrderListActivity
ADDED from AndroidManifest.xml:121:9
	android:screenOrientation
		ADDED from AndroidManifest.xml:124:13
	android:launchMode
		ADDED from AndroidManifest.xml:123:13
	android:theme
		ADDED from AndroidManifest.xml:125:13
	android:name
		ADDED from AndroidManifest.xml:122:13
activity#com.kplus.car.activity.PhoneRegistActivity
ADDED from AndroidManifest.xml:127:9
	android:screenOrientation
		ADDED from AndroidManifest.xml:129:13
	android:windowSoftInputMode
		ADDED from AndroidManifest.xml:131:13
	android:theme
		ADDED from AndroidManifest.xml:130:13
	android:name
		ADDED from AndroidManifest.xml:128:13
activity#com.kplus.car.activity.WebViewActivity
ADDED from AndroidManifest.xml:133:9
	android:screenOrientation
		ADDED from AndroidManifest.xml:135:13
	android:theme
		ADDED from AndroidManifest.xml:136:13
	android:name
		ADDED from AndroidManifest.xml:134:13
activity#com.kplus.car.activity.EmergencyLicenseActivity
ADDED from AndroidManifest.xml:138:9
	android:screenOrientation
		ADDED from AndroidManifest.xml:140:13
	android:theme
		ADDED from AndroidManifest.xml:141:13
	android:name
		ADDED from AndroidManifest.xml:139:13
activity#com.kplus.car.activity.EmergencyDetailActivity
ADDED from AndroidManifest.xml:143:9
	android:screenOrientation
		ADDED from AndroidManifest.xml:145:13
	android:theme
		ADDED from AndroidManifest.xml:146:13
	android:name
		ADDED from AndroidManifest.xml:144:13
activity#com.kplus.car.activity.Remind
ADDED from AndroidManifest.xml:148:9
	android:screenOrientation
		ADDED from AndroidManifest.xml:151:13
	android:configChanges
		ADDED from AndroidManifest.xml:150:13
	android:theme
		ADDED from AndroidManifest.xml:152:13
	android:name
		ADDED from AndroidManifest.xml:149:13
activity#com.kplus.car.activity.AboutActivity
ADDED from AndroidManifest.xml:154:9
	android:screenOrientation
		ADDED from AndroidManifest.xml:156:13
	android:theme
		ADDED from AndroidManifest.xml:157:13
	android:name
		ADDED from AndroidManifest.xml:155:13
activity#com.kplus.car.activity.MainUIActivity
ADDED from AndroidManifest.xml:159:9
	android:screenOrientation
		ADDED from AndroidManifest.xml:162:13
	android:launchMode
		ADDED from AndroidManifest.xml:161:13
	android:windowSoftInputMode
		ADDED from AndroidManifest.xml:164:13
	android:theme
		ADDED from AndroidManifest.xml:163:13
	android:name
		ADDED from AndroidManifest.xml:160:13
intent-filter#android.intent.action.VIEW+android.intent.category.BROWSABLE+android.intent.category.DEFAULT
ADDED from AndroidManifest.xml:165:13
action#android.intent.action.VIEW
ADDED from AndroidManifest.xml:166:17
	android:name
		ADDED from AndroidManifest.xml:166:25
category#android.intent.category.DEFAULT
ADDED from AndroidManifest.xml:167:17
	android:name
		ADDED from AndroidManifest.xml:167:27
category#android.intent.category.BROWSABLE
ADDED from AndroidManifest.xml:168:17
	android:name
		ADDED from AndroidManifest.xml:168:27
data
ADDED from AndroidManifest.xml:169:17
	android:host
		ADDED from AndroidManifest.xml:169:23
	android:scheme
		ADDED from AndroidManifest.xml:170:23
	android:pathPrefix
		ADDED from AndroidManifest.xml:169:51
activity#com.kplus.car.activity.MoreFunctionActivity
ADDED from AndroidManifest.xml:187:9
	android:screenOrientation
		ADDED from AndroidManifest.xml:189:13
	android:theme
		ADDED from AndroidManifest.xml:190:13
	android:name
		ADDED from AndroidManifest.xml:188:13
activity#com.kplus.car.activity.ShootActivity
ADDED from AndroidManifest.xml:192:9
	android:screenOrientation
		ADDED from AndroidManifest.xml:194:13
	android:theme
		ADDED from AndroidManifest.xml:195:13
	android:name
		ADDED from AndroidManifest.xml:193:13
activity#com.kplus.car.activity.UseServiceRecord
ADDED from AndroidManifest.xml:197:9
	android:screenOrientation
		ADDED from AndroidManifest.xml:199:13
	android:theme
		ADDED from AndroidManifest.xml:200:13
	android:name
		ADDED from AndroidManifest.xml:198:13
activity#com.kplus.car.activity.Share
ADDED from AndroidManifest.xml:202:9
	android:screenOrientation
		ADDED from AndroidManifest.xml:205:13
	android:configChanges
		ADDED from AndroidManifest.xml:204:13
	android:theme
		ADDED from AndroidManifest.xml:206:13
	android:name
		ADDED from AndroidManifest.xml:203:13
activity#com.kplus.car.activity.ShareInService
ADDED from AndroidManifest.xml:208:9
	android:screenOrientation
		ADDED from AndroidManifest.xml:211:13
	android:configChanges
		ADDED from AndroidManifest.xml:210:13
	android:theme
		ADDED from AndroidManifest.xml:212:13
	android:name
		ADDED from AndroidManifest.xml:209:13
activity#com.kplus.car.activity.WaitingRegit
ADDED from AndroidManifest.xml:214:9
	android:screenOrientation
		ADDED from AndroidManifest.xml:217:13
	android:configChanges
		ADDED from AndroidManifest.xml:216:13
	android:theme
		ADDED from AndroidManifest.xml:218:13
	android:name
		ADDED from AndroidManifest.xml:215:13
activity#com.kplus.car.activity.ShareResult
ADDED from AndroidManifest.xml:220:9
	android:screenOrientation
		ADDED from AndroidManifest.xml:223:13
	android:configChanges
		ADDED from AndroidManifest.xml:222:13
	android:theme
		ADDED from AndroidManifest.xml:224:13
	android:name
		ADDED from AndroidManifest.xml:221:13
activity#com.kplus.car.activity.OrderActivity
ADDED from AndroidManifest.xml:226:9
	android:screenOrientation
		ADDED from AndroidManifest.xml:230:13
	android:launchMode
		ADDED from AndroidManifest.xml:229:13
	android:configChanges
		ADDED from AndroidManifest.xml:228:13
	android:theme
		ADDED from AndroidManifest.xml:231:13
	android:name
		ADDED from AndroidManifest.xml:227:13
activity#com.kplus.car.activity.PreeViewActivity
ADDED from AndroidManifest.xml:233:9
	android:screenOrientation
		ADDED from AndroidManifest.xml:236:13
	android:configChanges
		ADDED from AndroidManifest.xml:235:13
	android:theme
		ADDED from AndroidManifest.xml:237:13
	android:name
		ADDED from AndroidManifest.xml:234:13
activity#com.kplus.car.activity.IndividualCenter
ADDED from AndroidManifest.xml:239:9
	android:screenOrientation
		ADDED from AndroidManifest.xml:241:13
	android:theme
		ADDED from AndroidManifest.xml:242:13
	android:name
		ADDED from AndroidManifest.xml:240:13
activity#com.kplus.car.activity.UserInfoActivity
ADDED from AndroidManifest.xml:244:9
	android:screenOrientation
		ADDED from AndroidManifest.xml:247:13
	android:configChanges
		ADDED from AndroidManifest.xml:246:13
	android:theme
		ADDED from AndroidManifest.xml:248:13
	android:name
		ADDED from AndroidManifest.xml:245:13
activity#com.kplus.car.activity.EditTextActivity
ADDED from AndroidManifest.xml:250:9
	android:screenOrientation
		ADDED from AndroidManifest.xml:252:13
	android:windowSoftInputMode
		ADDED from AndroidManifest.xml:254:13
	android:theme
		ADDED from AndroidManifest.xml:253:13
	android:name
		ADDED from AndroidManifest.xml:251:13
activity#com.kplus.car.activity.PictureObtainTypeActivity
ADDED from AndroidManifest.xml:256:9
	android:screenOrientation
		ADDED from AndroidManifest.xml:258:13
	android:windowSoftInputMode
		ADDED from AndroidManifest.xml:260:13
	android:theme
		ADDED from AndroidManifest.xml:259:13
	android:name
		ADDED from AndroidManifest.xml:257:13
activity#com.kplus.car.activity.MemberPrivilegeActivity
ADDED from AndroidManifest.xml:262:9
	android:screenOrientation
		ADDED from AndroidManifest.xml:265:13
	android:configChanges
		ADDED from AndroidManifest.xml:264:13
	android:theme
		ADDED from AndroidManifest.xml:266:13
	android:name
		ADDED from AndroidManifest.xml:263:13
activity#com.kplus.car.activity.VehicleServiceActivity
ADDED from AndroidManifest.xml:268:9
	android:screenOrientation
		ADDED from AndroidManifest.xml:270:13
	android:windowSoftInputMode
		ADDED from AndroidManifest.xml:272:13
	android:theme
		ADDED from AndroidManifest.xml:271:13
	android:name
		ADDED from AndroidManifest.xml:269:13
activity#com.kplus.car.activity.BindPhoneActivity
ADDED from AndroidManifest.xml:274:9
	android:screenOrientation
		ADDED from AndroidManifest.xml:277:13
	android:configChanges
		ADDED from AndroidManifest.xml:276:13
	android:theme
		ADDED from AndroidManifest.xml:278:13
	android:name
		ADDED from AndroidManifest.xml:275:13
activity#com.kplus.car.activity.ThirdpartAccountActivity
ADDED from AndroidManifest.xml:280:9
	android:screenOrientation
		ADDED from AndroidManifest.xml:283:13
	android:configChanges
		ADDED from AndroidManifest.xml:282:13
	android:theme
		ADDED from AndroidManifest.xml:284:13
	android:name
		ADDED from AndroidManifest.xml:281:13
activity#com.kplus.car.activity.AllVehiclesActivity
ADDED from AndroidManifest.xml:286:9
	android:screenOrientation
		ADDED from AndroidManifest.xml:289:13
	android:configChanges
		ADDED from AndroidManifest.xml:288:13
	android:theme
		ADDED from AndroidManifest.xml:290:13
	android:name
		ADDED from AndroidManifest.xml:287:13
activity#com.kplus.car.activity.VehicleRescueActivity
ADDED from AndroidManifest.xml:292:9
	android:screenOrientation
		ADDED from AndroidManifest.xml:295:13
	android:configChanges
		ADDED from AndroidManifest.xml:294:13
	android:theme
		ADDED from AndroidManifest.xml:296:13
	android:name
		ADDED from AndroidManifest.xml:293:13
activity#com.kplus.car.activity.InsuranceremindsActivity
ADDED from AndroidManifest.xml:298:9
	android:screenOrientation
		ADDED from AndroidManifest.xml:301:13
	android:configChanges
		ADDED from AndroidManifest.xml:300:13
	android:theme
		ADDED from AndroidManifest.xml:302:13
	android:name
		ADDED from AndroidManifest.xml:299:13
activity#com.kplus.car.activity.MonitorCitiesActivity
ADDED from AndroidManifest.xml:304:9
	android:screenOrientation
		ADDED from AndroidManifest.xml:307:13
	android:configChanges
		ADDED from AndroidManifest.xml:306:13
	android:theme
		ADDED from AndroidManifest.xml:308:13
	android:name
		ADDED from AndroidManifest.xml:305:13
activity#com.kplus.car.activity.CertificateActivity
ADDED from AndroidManifest.xml:310:9
	android:screenOrientation
		ADDED from AndroidManifest.xml:313:13
	android:configChanges
		ADDED from AndroidManifest.xml:312:13
	android:theme
		ADDED from AndroidManifest.xml:314:13
	android:name
		ADDED from AndroidManifest.xml:311:13
activity#com.kplus.car.activity.SelectBindOrLoginActivity
ADDED from AndroidManifest.xml:316:9
	android:screenOrientation
		ADDED from AndroidManifest.xml:319:13
	android:configChanges
		ADDED from AndroidManifest.xml:318:13
	android:theme
		ADDED from AndroidManifest.xml:320:13
	android:name
		ADDED from AndroidManifest.xml:317:13
activity#com.kplus.car.activity.RescueVehicleSelectActivity
ADDED from AndroidManifest.xml:322:9
	android:screenOrientation
		ADDED from AndroidManifest.xml:325:13
	android:configChanges
		ADDED from AndroidManifest.xml:324:13
	android:theme
		ADDED from AndroidManifest.xml:326:13
	android:name
		ADDED from AndroidManifest.xml:323:13
activity#com.kplus.car.activity.AlertDialogActivity
ADDED from AndroidManifest.xml:328:9
	android:screenOrientation
		ADDED from AndroidManifest.xml:330:13
	android:windowSoftInputMode
		ADDED from AndroidManifest.xml:332:13
	android:theme
		ADDED from AndroidManifest.xml:331:13
	android:name
		ADDED from AndroidManifest.xml:329:13
activity#com.kplus.car.activity.ActivityCenterActivity
ADDED from AndroidManifest.xml:334:9
	android:screenOrientation
		ADDED from AndroidManifest.xml:336:13
	android:theme
		ADDED from AndroidManifest.xml:337:13
	android:name
		ADDED from AndroidManifest.xml:335:13
activity#com.kplus.car.activity.MessageBoxActivity
ADDED from AndroidManifest.xml:339:9
	android:screenOrientation
		ADDED from AndroidManifest.xml:341:13
	android:theme
		ADDED from AndroidManifest.xml:342:13
	android:name
		ADDED from AndroidManifest.xml:340:13
activity#com.kplus.car.activity.PushTimeSetActivity
ADDED from AndroidManifest.xml:344:9
	android:screenOrientation
		ADDED from AndroidManifest.xml:346:13
	android:theme
		ADDED from AndroidManifest.xml:347:13
	android:name
		ADDED from AndroidManifest.xml:345:13
activity#com.kplus.car.activity.UploadLicenceActivity
ADDED from AndroidManifest.xml:349:9
	android:screenOrientation
		ADDED from AndroidManifest.xml:351:13
	android:theme
		ADDED from AndroidManifest.xml:352:13
	android:name
		ADDED from AndroidManifest.xml:350:13
activity#com.kplus.car.activity.InformationConfirmedActivity
ADDED from AndroidManifest.xml:355:9
	android:screenOrientation
		ADDED from AndroidManifest.xml:357:13
	android:theme
		ADDED from AndroidManifest.xml:358:13
	android:name
		ADDED from AndroidManifest.xml:356:13
activity#com.kplus.car.activity.SelfServiceListActivity
ADDED from AndroidManifest.xml:360:9
	android:screenOrientation
		ADDED from AndroidManifest.xml:362:13
	android:theme
		ADDED from AndroidManifest.xml:363:13
	android:name
		ADDED from AndroidManifest.xml:361:13
activity#com.kplus.car.activity.MapRoutePlanActivity
ADDED from AndroidManifest.xml:365:9
	android:screenOrientation
		ADDED from AndroidManifest.xml:367:13
	android:theme
		ADDED from AndroidManifest.xml:368:13
	android:name
		ADDED from AndroidManifest.xml:366:13
activity#com.kplus.car.activity.PrivilegeActivity
ADDED from AndroidManifest.xml:371:9
	android:screenOrientation
		ADDED from AndroidManifest.xml:373:13
	android:theme
		ADDED from AndroidManifest.xml:374:13
	android:name
		ADDED from AndroidManifest.xml:372:13
activity#com.kplus.car.activity.ShareMessage
ADDED from AndroidManifest.xml:376:9
	android:screenOrientation
		ADDED from AndroidManifest.xml:378:13
	android:windowSoftInputMode
		ADDED from AndroidManifest.xml:380:13
	android:theme
		ADDED from AndroidManifest.xml:379:13
	android:name
		ADDED from AndroidManifest.xml:377:13
activity#com.kplus.car.activity.UploadProgressActivity
ADDED from AndroidManifest.xml:382:9
	android:screenOrientation
		ADDED from AndroidManifest.xml:385:13
	android:launchMode
		ADDED from AndroidManifest.xml:384:13
	android:windowSoftInputMode
		ADDED from AndroidManifest.xml:387:13
	android:theme
		ADDED from AndroidManifest.xml:386:13
	android:name
		ADDED from AndroidManifest.xml:383:13
activity#com.kplus.car.activity.PopAdvertActivity
ADDED from AndroidManifest.xml:389:9
	android:screenOrientation
		ADDED from AndroidManifest.xml:391:13
	android:windowSoftInputMode
		ADDED from AndroidManifest.xml:393:13
	android:theme
		ADDED from AndroidManifest.xml:392:13
	android:name
		ADDED from AndroidManifest.xml:390:13
receiver#com.kplus.car.receiver.RemindReceiver
ADDED from AndroidManifest.xml:395:9
	android:exported
		ADDED from AndroidManifest.xml:397:13
	android:name
		ADDED from AndroidManifest.xml:396:13
receiver#com.kplus.car.receiver.VehicleAddRemindReceiver
ADDED from AndroidManifest.xml:399:9
	android:exported
		ADDED from AndroidManifest.xml:401:13
	android:name
		ADDED from AndroidManifest.xml:400:13
service#com.kplus.car.service.InitService
ADDED from AndroidManifest.xml:404:9
	android:exported
		ADDED from AndroidManifest.xml:406:13
	android:name
		ADDED from AndroidManifest.xml:405:13
service#com.kplus.car.service.SynchronizationVehicle
ADDED from AndroidManifest.xml:408:9
	android:exported
		ADDED from AndroidManifest.xml:410:13
	android:name
		ADDED from AndroidManifest.xml:409:13
service#com.kplus.car.service.RemindService
ADDED from AndroidManifest.xml:412:9
	android:exported
		ADDED from AndroidManifest.xml:414:13
	android:name
		ADDED from AndroidManifest.xml:413:13
service#com.kplus.car.service.GetPromotionActivityInfoService
ADDED from AndroidManifest.xml:416:9
	android:exported
		ADDED from AndroidManifest.xml:418:13
	android:name
		ADDED from AndroidManifest.xml:417:13
service#com.kplus.car.service.UpdateAgainstRecords
ADDED from AndroidManifest.xml:420:9
	android:exported
		ADDED from AndroidManifest.xml:422:13
	android:name
		ADDED from AndroidManifest.xml:421:13
service#com.kplus.car.container.InstallContainerService
ADDED from AndroidManifest.xml:424:9
	android:exported
		ADDED from AndroidManifest.xml:426:13
	android:name
		ADDED from AndroidManifest.xml:425:13
service#com.kplus.car.service.UpgradeDataService
ADDED from AndroidManifest.xml:428:9
	android:exported
		ADDED from AndroidManifest.xml:430:13
	android:name
		ADDED from AndroidManifest.xml:429:13
service#com.kplus.car.service.NotificationService
ADDED from AndroidManifest.xml:432:9
	android:exported
		ADDED from AndroidManifest.xml:434:13
	android:name
		ADDED from AndroidManifest.xml:433:13
service#com.kplus.car.service.UpdateUserVehicleService
ADDED from AndroidManifest.xml:436:9
	android:exported
		ADDED from AndroidManifest.xml:438:13
	android:name
		ADDED from AndroidManifest.xml:437:13
service#com.kplus.car.service.AsyncTaskService
ADDED from AndroidManifest.xml:440:9
	android:exported
		ADDED from AndroidManifest.xml:442:13
	android:name
		ADDED from AndroidManifest.xml:441:13
service#com.kplus.car.service.GetUserOpenImService
ADDED from AndroidManifest.xml:444:9
	android:exported
		ADDED from AndroidManifest.xml:446:13
	android:name
		ADDED from AndroidManifest.xml:445:13
service#com.kplus.car.service.JiazhaoQueryScoreService
ADDED from AndroidManifest.xml:448:9
	android:exported
		ADDED from AndroidManifest.xml:450:13
	android:name
		ADDED from AndroidManifest.xml:449:13
activity#com.kplus.car.wxapi.WXEntryActivity
ADDED from AndroidManifest.xml:454:9
	android:screenOrientation
		ADDED from AndroidManifest.xml:459:13
	android:launchMode
		ADDED from AndroidManifest.xml:458:13
	android:exported
		ADDED from AndroidManifest.xml:457:13
	android:configChanges
		ADDED from AndroidManifest.xml:456:13
	android:name
		ADDED from AndroidManifest.xml:455:13
activity#com.kplus.car.wxapi.WXPayEntryActivity
ADDED from AndroidManifest.xml:461:9
	android:screenOrientation
		ADDED from AndroidManifest.xml:465:13
	android:exported
		ADDED from AndroidManifest.xml:464:13
	android:configChanges
		ADDED from AndroidManifest.xml:463:13
	android:name
		ADDED from AndroidManifest.xml:462:13
intent-filter#android.intent.action.VIEW+android.intent.category.DEFAULT
ADDED from AndroidManifest.xml:466:13
service#com.baidu.location.f
ADDED from AndroidManifest.xml:475:9
MERGED from car_android:Car_washing:unspecified:228:9
	android:enabled
		ADDED from AndroidManifest.xml:477:13
	android:process
		ADDED from AndroidManifest.xml:478:13
	android:name
		ADDED from AndroidManifest.xml:476:13
meta-data#com.baidu.lbsapi.API_KEY
ADDED from AndroidManifest.xml:482:9
	android:value
		ADDED from AndroidManifest.xml:484:13
	android:name
		ADDED from AndroidManifest.xml:483:13
activity#com.umeng.fb.ConversationActivity
ADDED from AndroidManifest.xml:492:9
	android:screenOrientation
		ADDED from AndroidManifest.xml:494:13
	android:theme
		ADDED from AndroidManifest.xml:495:13
	android:name
		ADDED from AndroidManifest.xml:493:13
meta-data#UMENG_APPKEY
ADDED from AndroidManifest.xml:496:9
	android:value
		ADDED from AndroidManifest.xml:498:13
	android:name
		ADDED from AndroidManifest.xml:497:13
meta-data#UMENG_CHANNEL
ADDED from AndroidManifest.xml:500:9
	android:value
		ADDED from AndroidManifest.xml:500:49
	android:name
		ADDED from AndroidManifest.xml:500:20
meta-data#PUSH_APPID
ADDED from AndroidManifest.xml:505:9
	android:value
		ADDED from AndroidManifest.xml:507:13
	android:name
		ADDED from AndroidManifest.xml:506:13
meta-data#PUSH_APPSECRET
ADDED from AndroidManifest.xml:508:9
	android:value
		ADDED from AndroidManifest.xml:510:13
	android:name
		ADDED from AndroidManifest.xml:509:13
meta-data#PUSH_APPKEY
ADDED from AndroidManifest.xml:511:9
	android:value
		ADDED from AndroidManifest.xml:513:13
	android:name
		ADDED from AndroidManifest.xml:512:13
meta-data#PUSH_GROUPID
ADDED from AndroidManifest.xml:514:9
	android:value